# configure exec: ./configure --prefix=/Users/feiye/Desktop/GovHack2021/HotspotNearMe/kafka-nodejs-getting-started/node_modules/node-rdkafka/build/deps --libdir=/Users/feiye/Desktop/GovHack2021/HotspotNearMe/kafka-nodejs-getting-started/node_modules/node-rdkafka/build/deps --prefix=/Users/feiye/Desktop/GovHack2021/HotspotNearMe/kafka-nodejs-getting-started/node_modules/node-rdkafka/build/deps --libdir=/Users/feiye/Desktop/GovHack2021/HotspotNearMe/kafka-nodejs-getting-started/node_modules/node-rdkafka/build/deps
# On Sat 21 Aug 2021 12:06:43 AEST
DBG 81695: Setting distro (distro) status to ok (action ignore)
DBG 81695: ccenv: WITH_CC:  --version failed: mklove/modules/configure.base: line 1761: --version: command not found
DBG 81695: Setting ccenv (ccenv) status to failed (action cont)
DBG 81695: Check ccenv (WITH_CC, action cont (originally cont)) failed: command ' --version' failed:
mklove/modules/configure.base: line 1761: --version: command not found
DBG 81695: Setting gcc (gcc) status to ok (action cont)
DBG 81695: cxxenv: WITH_CXX:  --version failed: mklove/modules/configure.base: line 1761: --version: command not found
DBG 81695: Setting cxxenv (cxxenv) status to failed (action cont)
DBG 81695: Check cxxenv (WITH_CXX, action cont (originally cont)) failed: command ' --version' failed:
mklove/modules/configure.base: line 1761: --version: command not found
DBG 81695: Setting gxx (gxx) status to ok (action cont)
DBG 81695: Setting ld (ld) status to ok (action disable)
DBG 81695: Setting nm (nm) status to ok (action disable)
DBG 81695: Setting objdump (objdump) status to ok (action disable)
DBG 81695: Setting strip (strip) status to ok (action disable)
DBG 81695: Setting libtool (libtool) status to ok (action disable)
DBG 81695: Setting ranlib (ranlib) status to ok (action disable)
DBG 81695: Compile check cc_g_dwarf () (sub=0): gcc   -Wall -Werror _mkltmpjIYSDa.c -o _mkltmpjIYSDa.c.o  -L/Users/feiye/Desktop/GovHack2021/HotspotNearMe/kafka-nodejs-getting-started/node_modules/node-rdkafka/build/deps -gstrict-dwarf
DBG 81695: Setting cc_g_dwarf (cc_g_dwarf) status to ok (action cont)
DBG 81695: Setting pkgconfig (pkgconfig) status to ok (action cont)
DBG 81695: install: WITH_INSTALL: install --version failed: install: illegal option -- -
usage: install [-bCcpSsv] [-B suffix] [-f flags] [-g group] [-m mode]
               [-o owner] file1 file2
       install [-bCcpSsv] [-B suffix] [-f flags] [-g group] [-m mode]
               [-o owner] file1 ... fileN directory
       install -d [-v] [-g group] [-m mode] [-o owner] directory ...
DBG 81695: Setting install (install) status to failed (action cont)
DBG 81695: Check install (WITH_INSTALL, action cont (originally cont)) failed: command 'install --version' failed:
install: illegal option -- -
usage: install [-bCcpSsv] [-B suffix] [-f flags] [-g group] [-m mode]
               [-o owner] file1 file2
       install [-bCcpSsv] [-B suffix] [-f flags] [-g group] [-m mode]
               [-o owner] file1 ... fileN directory
       install -d [-v] [-g group] [-m mode] [-o owner] directory ...
DBG 81695: Compile check PIC (HAVE_PIC) (sub=0): gcc  -gstrict-dwarf -O2 -Wall -Werror _mkltmpNy3Mc3.c -o _mkltmpNy3Mc3.c.o  -L/Users/feiye/Desktop/GovHack2021/HotspotNearMe/kafka-nodejs-getting-started/node_modules/node-rdkafka/build/deps -fPIC
DBG 81695: Setting PIC (PIC) status to ok (action disable)
DBG 81695: Compile check gnulib (WITH_GNULD) (sub=0): gcc  -gstrict-dwarf -O2 -fPIC -Wall -Werror _mkltmpzDG02s.c -o _mkltmpzDG02s.c.o  -L/Users/feiye/Desktop/GovHack2021/HotspotNearMe/kafka-nodejs-getting-started/node_modules/node-rdkafka/build/deps -shared -Wl,-soname,mkltest.0
DBG 81695: compile check for gnulib (WITH_GNULD) failed: gcc  -gstrict-dwarf -O2 -fPIC -Wall -Werror _mkltmpzDG02s.c -o _mkltmpzDG02s.c.o  -L/Users/feiye/Desktop/GovHack2021/HotspotNearMe/kafka-nodejs-getting-started/node_modules/node-rdkafka/build/deps -shared -Wl,-soname,mkltest.0: ld: unknown option: -soname
clang: error: linker command failed with exit code 1 (use -v to see invocation)
DBG 81695: Setting gnulib (gnulib) status to failed (action cont)
DBG 81695: Check gnulib (WITH_GNULD, action cont (originally cont)) failed: compile check failed:
CC: CC
flags: -shared -Wl,-soname,mkltest.0
gcc  -gstrict-dwarf -O2 -fPIC -Wall -Werror _mkltmpzDG02s.c -o _mkltmpzDG02s.c.o  -L/Users/feiye/Desktop/GovHack2021/HotspotNearMe/kafka-nodejs-getting-started/node_modules/node-rdkafka/build/deps -shared -Wl,-soname,mkltest.0:
ld: unknown option: -soname
clang: error: linker command failed with exit code 1 (use -v to see invocation)
source: 
DBG 81695: Compile check osxlib (WITH_OSXLD) (sub=0): gcc  -gstrict-dwarf -O2 -fPIC -Wall -Werror _mkltmp1zIBXJ.c -o _mkltmp1zIBXJ.c.o  -L/Users/feiye/Desktop/GovHack2021/HotspotNearMe/kafka-nodejs-getting-started/node_modules/node-rdkafka/build/deps -dynamiclib -Wl,-install_name,/tmp/mkltest.so.0
DBG 81695: Setting osxlib (osxlib) status to ok (action cont)
DBG 81695: Compile check ldsflagvs () (sub=0): gcc  -gstrict-dwarf -O2 -fPIC -Wall -Werror _mkltmpNn6Fqj.c -o _mkltmpNn6Fqj.c.o  -L/Users/feiye/Desktop/GovHack2021/HotspotNearMe/kafka-nodejs-getting-started/node_modules/node-rdkafka/build/deps -shared -Wl,--version-script=_mkltmpkyIfZj
DBG 81695: compile check for ldsflagvs () failed: gcc  -gstrict-dwarf -O2 -fPIC -Wall -Werror _mkltmpNn6Fqj.c -o _mkltmpNn6Fqj.c.o  -L/Users/feiye/Desktop/GovHack2021/HotspotNearMe/kafka-nodejs-getting-started/node_modules/node-rdkafka/build/deps -shared -Wl,--version-script=_mkltmpkyIfZj: ld: unknown option: --version-script=_mkltmpkyIfZj
clang: error: linker command failed with exit code 1 (use -v to see invocation)
DBG 81695: Setting ldsflagvs (ldsflagvs) status to failed (action cont)
DBG 81695: Check ldsflagvs (, action cont (originally cont)) failed: compile check failed:
CC: CC
flags: -shared -Wl,--version-script=_mkltmpkyIfZj
gcc  -gstrict-dwarf -O2 -fPIC -Wall -Werror _mkltmpNn6Fqj.c -o _mkltmpNn6Fqj.c.o  -L/Users/feiye/Desktop/GovHack2021/HotspotNearMe/kafka-nodejs-getting-started/node_modules/node-rdkafka/build/deps -shared -Wl,--version-script=_mkltmpkyIfZj:
ld: unknown option: --version-script=_mkltmpkyIfZj
clang: error: linker command failed with exit code 1 (use -v to see invocation)
source: 
DBG 81695: Compile check ldsflagm () (sub=0): gcc  -gstrict-dwarf -O2 -fPIC -Wall -Werror _mkltmp5y94fg.c -o _mkltmp5y94fg.c.o  -L/Users/feiye/Desktop/GovHack2021/HotspotNearMe/kafka-nodejs-getting-started/node_modules/node-rdkafka/build/deps -shared -Wl,-M_mkltmpkyIfZj
DBG 81695: compile check for ldsflagm () failed: gcc  -gstrict-dwarf -O2 -fPIC -Wall -Werror _mkltmp5y94fg.c -o _mkltmp5y94fg.c.o  -L/Users/feiye/Desktop/GovHack2021/HotspotNearMe/kafka-nodejs-getting-started/node_modules/node-rdkafka/build/deps -shared -Wl,-M_mkltmpkyIfZj: ld: unknown option: -M_mkltmpkyIfZj
clang: error: linker command failed with exit code 1 (use -v to see invocation)
DBG 81695: Setting ldsflagm (ldsflagm) status to failed (action ignore)
DBG 81695: Check ldsflagm (, action ignore (originally ignore)) failed: compile check failed:
CC: CC
flags: -shared -Wl,-M_mkltmpkyIfZj
gcc  -gstrict-dwarf -O2 -fPIC -Wall -Werror _mkltmp5y94fg.c -o _mkltmp5y94fg.c.o  -L/Users/feiye/Desktop/GovHack2021/HotspotNearMe/kafka-nodejs-getting-started/node_modules/node-rdkafka/build/deps -shared -Wl,-M_mkltmpkyIfZj:
ld: unknown option: -M_mkltmpkyIfZj
clang: error: linker command failed with exit code 1 (use -v to see invocation)
source: 
DBG 81695: Compile check __atomic_32 (HAVE_ATOMICS_32) (sub=0): gcc  -gstrict-dwarf -O2 -fPIC -Wall -Werror _mkltmpqTtQnS.c -o _mkltmpqTtQnS.c.o  -L/Users/feiye/Desktop/GovHack2021/HotspotNearMe/kafka-nodejs-getting-started/node_modules/node-rdkafka/build/deps 
DBG 81695: Setting __atomic_32 (__atomic_32) status to ok (action cont)
DBG 81695: Compile check __atomic_64 (HAVE_ATOMICS_64) (sub=0): gcc  -gstrict-dwarf -O2 -fPIC -Wall -Werror _mkltmpJRlqII.c -o _mkltmpJRlqII.c.o  -L/Users/feiye/Desktop/GovHack2021/HotspotNearMe/kafka-nodejs-getting-started/node_modules/node-rdkafka/build/deps 
DBG 81695: Setting __atomic_64 (__atomic_64) status to ok (action cont)
DBG 81695: Compile check socket () (sub=0): gcc  -gstrict-dwarf -O2 -fPIC -Wall -Wsign-compare -Wfloat-equal -Wpointer-arith -Wcast-align -Wall -Werror _mkltmpoeHWvR.c -o _mkltmpoeHWvR.c.o  -L/Users/feiye/Desktop/GovHack2021/HotspotNearMe/kafka-nodejs-getting-started/node_modules/node-rdkafka/build/deps 
DBG 81695: Setting socket (socket) status to ok (action cont)
DBG 81695: Setting parseversion (parseversion) status to ok (action cont)
DBG 81695: pkg-config check librt for CFLAGS (): pkg-config --short-errors --cflags librt
DBG 81695: 'pkg-config --short-errors --cflags librt' failed: No package 'librt' found
DBG 81695: Setting librt_PKGCONFIG (librt_PKGCONFIG) status to failed (action cont)
DBG 81695: Check librt_PKGCONFIG (, action cont (originally cont)) failed: 'pkg-config --short-errors --cflags librt' failed:
No package 'librt' found
DBG 81695: librt: Check for static library (libs -lrt, arfile variable STATIC_LIB_librt=, static filenames )
DBG 81695: Compile check librt () (sub=0): gcc  -gstrict-dwarf -O2 -fPIC -Wall -Wsign-compare -Wfloat-equal -Wpointer-arith -Wcast-align -Wall -Werror _mkltmpWTgQ6K.c -o _mkltmpWTgQ6K.c.o  -L/Users/feiye/Desktop/GovHack2021/HotspotNearMe/kafka-nodejs-getting-started/node_modules/node-rdkafka/build/deps -lrt
DBG 81695: compile check for librt () failed: gcc  -gstrict-dwarf -O2 -fPIC -Wall -Wsign-compare -Wfloat-equal -Wpointer-arith -Wcast-align -Wall -Werror _mkltmpWTgQ6K.c -o _mkltmpWTgQ6K.c.o  -L/Users/feiye/Desktop/GovHack2021/HotspotNearMe/kafka-nodejs-getting-started/node_modules/node-rdkafka/build/deps -lrt: ld: library not found for -lrt
clang: error: linker command failed with exit code 1 (use -v to see invocation)
DBG 81695: Setting librt (librt) status to failed (action cont)
DBG 81695: Check librt (, action cont (originally cont)) failed: compile check failed:
CC: CC
flags: -lrt
gcc  -gstrict-dwarf -O2 -fPIC -Wall -Wsign-compare -Wfloat-equal -Wpointer-arith -Wcast-align -Wall -Werror _mkltmpWTgQ6K.c -o _mkltmpWTgQ6K.c.o  -L/Users/feiye/Desktop/GovHack2021/HotspotNearMe/kafka-nodejs-getting-started/node_modules/node-rdkafka/build/deps -lrt:
ld: library not found for -lrt
clang: error: linker command failed with exit code 1 (use -v to see invocation)
source: 
DBG 81695: pkg-config check libpthread for CFLAGS (): pkg-config --short-errors --cflags libpthread
DBG 81695: 'pkg-config --short-errors --cflags libpthread' failed: No package 'libpthread' found
DBG 81695: Setting libpthread_PKGCONFIG (libpthread_PKGCONFIG) status to failed (action cont)
DBG 81695: Check libpthread_PKGCONFIG (, action cont (originally cont)) failed: 'pkg-config --short-errors --cflags libpthread' failed:
No package 'libpthread' found
DBG 81695: libpthread: Check for static library (libs -lpthread, arfile variable STATIC_LIB_libpthread=, static filenames )
DBG 81695: Compile check libpthread () (sub=0): gcc  -gstrict-dwarf -O2 -fPIC -Wall -Wsign-compare -Wfloat-equal -Wpointer-arith -Wcast-align -Wall -Werror _mkltmpGA7gNd.c -o _mkltmpGA7gNd.c.o  -L/Users/feiye/Desktop/GovHack2021/HotspotNearMe/kafka-nodejs-getting-started/node_modules/node-rdkafka/build/deps -lpthread
DBG 81695: Setting libpthread (libpthread) status to ok (action fail)
DBG 81695: libpthread: from lib_check: LIBS: prepend -lpthread
DBG 81695: pkg-config check c11threads for CFLAGS (WITH_C11THREADS): pkg-config --short-errors --cflags c11threads
DBG 81695: 'pkg-config --short-errors --cflags c11threads' failed: No package 'c11threads' found
DBG 81695: Setting c11threads_PKGCONFIG (c11threads_PKGCONFIG) status to failed (action cont)
DBG 81695: Check c11threads_PKGCONFIG (, action cont (originally cont)) failed: 'pkg-config --short-errors --cflags c11threads' failed:
No package 'c11threads' found
DBG 81695: c11threads: Check for static library (libs -lpthread, arfile variable STATIC_LIB_c11threads=, static filenames )
DBG 81695: Compile check c11threads (WITH_C11THREADS) (sub=0): gcc  -gstrict-dwarf -O2 -fPIC -Wall -Wsign-compare -Wfloat-equal -Wpointer-arith -Wcast-align -Wall -Werror _mkltmpZHaTEc.c -o _mkltmpZHaTEc.c.o  -L/Users/feiye/Desktop/GovHack2021/HotspotNearMe/kafka-nodejs-getting-started/node_modules/node-rdkafka/build/deps -lpthread
DBG 81695: compile check for c11threads (WITH_C11THREADS) failed: gcc  -gstrict-dwarf -O2 -fPIC -Wall -Wsign-compare -Wfloat-equal -Wpointer-arith -Wcast-align -Wall -Werror _mkltmpZHaTEc.c -o _mkltmpZHaTEc.c.o  -L/Users/feiye/Desktop/GovHack2021/HotspotNearMe/kafka-nodejs-getting-started/node_modules/node-rdkafka/build/deps -lpthread: _mkltmpZHaTEc.c:2:10: fatal error: 'threads.h' file not found
#include <threads.h>
         ^~~~~~~~~~~
1 error generated.
DBG 81695: Setting c11threads (c11threads) status to failed (action disable)
DBG 81695: Check c11threads (WITH_C11THREADS, action disable (originally disable)) failed: compile check failed:
CC: CC
flags: -lpthread
gcc  -gstrict-dwarf -O2 -fPIC -Wall -Wsign-compare -Wfloat-equal -Wpointer-arith -Wcast-align -Wall -Werror _mkltmpZHaTEc.c -o _mkltmpZHaTEc.c.o  -L/Users/feiye/Desktop/GovHack2021/HotspotNearMe/kafka-nodejs-getting-started/node_modules/node-rdkafka/build/deps -lpthread:
_mkltmpZHaTEc.c:2:10: fatal error: 'threads.h' file not found
#include <threads.h>
         ^~~~~~~~~~~
1 error generated.
source: 
#include <threads.h>


static int start_func (void *arg) {
   int iarg = *(int *)arg;
   return iarg;
}

void foo (void) {
    thrd_t thr;
    int arg = 1;
    if (thrd_create(&thr, start_func, (void *)&arg) != thrd_success) {
      ;
    }
}

DBG 81695: pkg-config check libdl for CFLAGS (WITH_LIBDL): pkg-config --short-errors --cflags libdl
DBG 81695: 'pkg-config --short-errors --cflags libdl' failed: No package 'libdl' found
DBG 81695: Setting libdl_PKGCONFIG (libdl_PKGCONFIG) status to failed (action cont)
DBG 81695: Check libdl_PKGCONFIG (, action cont (originally cont)) failed: 'pkg-config --short-errors --cflags libdl' failed:
No package 'libdl' found
DBG 81695: libdl: Check for static library (libs -ldl, arfile variable STATIC_LIB_libdl=, static filenames )
DBG 81695: Compile check libdl (WITH_LIBDL) (sub=0): gcc  -gstrict-dwarf -O2 -fPIC -Wall -Wsign-compare -Wfloat-equal -Wpointer-arith -Wcast-align -Wall -Werror _mkltmpOkX8F8.c -o _mkltmpOkX8F8.c.o  -L/Users/feiye/Desktop/GovHack2021/HotspotNearMe/kafka-nodejs-getting-started/node_modules/node-rdkafka/build/deps -ldl
DBG 81695: Setting libdl (libdl) status to ok (action disable)
DBG 81695: libdl: from lib_check: LIBS: prepend -ldl
DBG 81695: pkg-config check zlib for CFLAGS (WITH_ZLIB): pkg-config --short-errors --cflags zlib
DBG 81695: pkg-config check zlib for LIBS (WITH_ZLIB): pkg-config --short-errors --libs zlib
DBG 81695: zlib: from pkg-config: CFLAGS '', LIBS '-ldl -lpthread'
DBG 81695: zlib: performing compile check using pkg-config info
DBG 81695: Compile check zlib (WITH_ZLIB) (sub=1): gcc  -gstrict-dwarf -O2 -fPIC -Wall -Wsign-compare -Wfloat-equal -Wpointer-arith -Wcast-align -Wall -Werror _mkltmpTawkiz.c -o _mkltmpTawkiz.c.o  -L/Users/feiye/Desktop/GovHack2021/HotspotNearMe/kafka-nodejs-getting-started/node_modules/node-rdkafka/build/deps  -lz
DBG 81695: zlib: Check for static library (libs -lz, arfile variable STATIC_LIB_zlib=, static filenames libz.a)
DBG 81695: zlib: from pkg-config: LIBS: prepend -lz
DBG 81695: Setting zlib (zlib) status to ok (action cont)
DBG 81695: pkg-config check libcrypto for CFLAGS (): pkg-config --short-errors --cflags libcrypto
DBG 81695: pkg-config check libcrypto for LIBS (): pkg-config --short-errors --libs libcrypto
DBG 81695: libcrypto: from pkg-config: CFLAGS '', LIBS '-lz -ldl -lpthread'
DBG 81695: libcrypto: performing compile check using pkg-config info
DBG 81695: Compile check libcrypto () (sub=1): gcc  -gstrict-dwarf -O2 -fPIC -Wall -Wsign-compare -Wfloat-equal -Wpointer-arith -Wcast-align -Wall -Werror _mkltmpMuRWyg.c -o _mkltmpMuRWyg.c.o  -L/Users/feiye/Desktop/GovHack2021/HotspotNearMe/kafka-nodejs-getting-started/node_modules/node-rdkafka/build/deps -I/usr/local/Cellar/openssl@1.1/1.1.1k/include -L/usr/local/Cellar/openssl@1.1/1.1.1k/lib -lcrypto
DBG 81695: libcrypto: Check for static library (libs -L/usr/local/Cellar/openssl@1.1/1.1.1k/lib -lcrypto, arfile variable STATIC_LIB_libcrypto=, static filenames libcrypto.a)
DBG 81695: libcrypto: from pkg-config: LIBS: prepend -L/usr/local/Cellar/openssl@1.1/1.1.1k/lib -lcrypto
DBG 81695: Setting libcrypto (libcrypto) status to ok (action cont)
DBG 81695: pkg-config check libssl for CFLAGS (WITH_SSL): pkg-config --short-errors --cflags libssl
DBG 81695: pkg-config check libssl for LIBS (WITH_SSL): pkg-config --short-errors --libs libssl
DBG 81695: libssl: from pkg-config: CFLAGS '-I/usr/local/Cellar/openssl@1.1/1.1.1k/include', LIBS '-L/usr/local/Cellar/openssl@1.1/1.1.1k/lib -lcrypto -lz -ldl -lpthread'
DBG 81695: libssl: performing compile check using pkg-config info
DBG 81695: Compile check libssl (WITH_SSL) (sub=1): gcc -I/usr/local/Cellar/openssl@1.1/1.1.1k/include -gstrict-dwarf -O2 -fPIC -Wall -Wsign-compare -Wfloat-equal -Wpointer-arith -Wcast-align -Wall -Werror _mkltmpTtHt0u.c -o _mkltmpTtHt0u.c.o  -L/Users/feiye/Desktop/GovHack2021/HotspotNearMe/kafka-nodejs-getting-started/node_modules/node-rdkafka/build/deps -I/usr/local/Cellar/openssl@1.1/1.1.1k/include -L/usr/local/Cellar/openssl@1.1/1.1.1k/lib -lssl
DBG 81695: libssl: Check for static library (libs -L/usr/local/Cellar/openssl@1.1/1.1.1k/lib -lssl, arfile variable STATIC_LIB_libssl=, static filenames libssl.a)
DBG 81695: libssl: from pkg-config: LIBS: prepend -L/usr/local/Cellar/openssl@1.1/1.1.1k/lib -lssl
DBG 81695: Setting libssl (libssl) status to ok (action cont)
DBG 81695: pkg-config check libsasl2 for CFLAGS (WITH_SASL_CYRUS): pkg-config --short-errors --cflags libsasl2
DBG 81695: 'pkg-config --short-errors --cflags libsasl2' failed: No package 'libsasl2' found
DBG 81695: Setting libsasl2_PKGCONFIG (libsasl2_PKGCONFIG) status to failed (action cont)
DBG 81695: Check libsasl2_PKGCONFIG (, action cont (originally cont)) failed: 'pkg-config --short-errors --cflags libsasl2' failed:
No package 'libsasl2' found
DBG 81695: libsasl2: Check for static library (libs -lsasl2, arfile variable STATIC_LIB_libsasl2=, static filenames )
DBG 81695: Compile check libsasl2 (WITH_SASL_CYRUS) (sub=0): gcc -I/usr/local/Cellar/openssl@1.1/1.1.1k/include -I/usr/local/Cellar/openssl@1.1/1.1.1k/include -gstrict-dwarf -O2 -fPIC -Wall -Wsign-compare -Wfloat-equal -Wpointer-arith -Wcast-align -Wall -Werror _mkltmpU6k3oG.c -o _mkltmpU6k3oG.c.o  -L/Users/feiye/Desktop/GovHack2021/HotspotNearMe/kafka-nodejs-getting-started/node_modules/node-rdkafka/build/deps -lsasl2
DBG 81695: Setting libsasl2 (libsasl2) status to ok (action disable)
DBG 81695: libsasl2: from lib_check: LIBS: prepend -lsasl2
DBG 81695: pkg-config check libzstd for CFLAGS (WITH_ZSTD): pkg-config --short-errors --cflags libzstd
DBG 81695: 'pkg-config --short-errors --cflags libzstd' failed: No package 'libzstd' found
DBG 81695: Setting libzstd_PKGCONFIG (libzstd_PKGCONFIG) status to failed (action cont)
DBG 81695: Check libzstd_PKGCONFIG (, action cont (originally cont)) failed: 'pkg-config --short-errors --cflags libzstd' failed:
No package 'libzstd' found
DBG 81695: libzstd: Check for static library (libs -lzstd, arfile variable STATIC_LIB_libzstd=, static filenames libzstd.a)
DBG 81695: Compile check libzstd (WITH_ZSTD) (sub=0): gcc -I/usr/local/Cellar/openssl@1.1/1.1.1k/include -I/usr/local/Cellar/openssl@1.1/1.1.1k/include -gstrict-dwarf -O2 -fPIC -Wall -Wsign-compare -Wfloat-equal -Wpointer-arith -Wcast-align -Wall -Werror _mkltmpyILul3.c -o _mkltmpyILul3.c.o  -L/Users/feiye/Desktop/GovHack2021/HotspotNearMe/kafka-nodejs-getting-started/node_modules/node-rdkafka/build/deps -lzstd
DBG 81695: compile check for libzstd (WITH_ZSTD) failed: gcc -I/usr/local/Cellar/openssl@1.1/1.1.1k/include -I/usr/local/Cellar/openssl@1.1/1.1.1k/include -gstrict-dwarf -O2 -fPIC -Wall -Wsign-compare -Wfloat-equal -Wpointer-arith -Wcast-align -Wall -Werror _mkltmpyILul3.c -o _mkltmpyILul3.c.o  -L/Users/feiye/Desktop/GovHack2021/HotspotNearMe/kafka-nodejs-getting-started/node_modules/node-rdkafka/build/deps -lzstd: _mkltmpyILul3.c:2:10: fatal error: 'zstd.h' file not found
#include <zstd.h>
         ^~~~~~~~
1 error generated.
DBG 81695: Setting libzstd (libzstd) status to failed (action disable)
DBG 81695: Check libzstd (WITH_ZSTD, action disable (originally disable)) failed: compile check failed:
CC: CC
flags: -lzstd
gcc -I/usr/local/Cellar/openssl@1.1/1.1.1k/include -I/usr/local/Cellar/openssl@1.1/1.1.1k/include -gstrict-dwarf -O2 -fPIC -Wall -Wsign-compare -Wfloat-equal -Wpointer-arith -Wcast-align -Wall -Werror _mkltmpyILul3.c -o _mkltmpyILul3.c.o  -L/Users/feiye/Desktop/GovHack2021/HotspotNearMe/kafka-nodejs-getting-started/node_modules/node-rdkafka/build/deps -lzstd:
_mkltmpyILul3.c:2:10: fatal error: 'zstd.h' file not found
#include <zstd.h>
         ^~~~~~~~
1 error generated.
source: 
#include <zstd.h>
#include <zstd_errors.h>

void foo (void) {
     ZSTD_getFrameContentSize(NULL, 0);
}

DBG 81695: pkg-config check libm for CFLAGS (): pkg-config --short-errors --cflags libm
DBG 81695: 'pkg-config --short-errors --cflags libm' failed: No package 'libm' found
DBG 81695: Setting libm_PKGCONFIG (libm_PKGCONFIG) status to failed (action cont)
DBG 81695: Check libm_PKGCONFIG (, action cont (originally cont)) failed: 'pkg-config --short-errors --cflags libm' failed:
No package 'libm' found
DBG 81695: libm: Check for static library (libs -lm, arfile variable STATIC_LIB_libm=, static filenames )
DBG 81695: Compile check libm () (sub=0): gcc -I/usr/local/Cellar/openssl@1.1/1.1.1k/include -I/usr/local/Cellar/openssl@1.1/1.1.1k/include -gstrict-dwarf -O2 -fPIC -Wall -Wsign-compare -Wfloat-equal -Wpointer-arith -Wcast-align -Wall -Werror _mkltmpM7w4SP.c -o _mkltmpM7w4SP.c.o  -L/Users/feiye/Desktop/GovHack2021/HotspotNearMe/kafka-nodejs-getting-started/node_modules/node-rdkafka/build/deps -lm
DBG 81695: Setting libm (libm) status to ok (action disable)
DBG 81695: libm: from lib_check: LIBS: prepend -lm
DBG 81695: pkg-config check liblz4 for CFLAGS (WITH_LZ4_EXT): pkg-config --short-errors --cflags liblz4
DBG 81695: 'pkg-config --short-errors --cflags liblz4' failed: No package 'liblz4' found
DBG 81695: Setting liblz4_PKGCONFIG (liblz4_PKGCONFIG) status to failed (action cont)
DBG 81695: Check liblz4_PKGCONFIG (, action cont (originally cont)) failed: 'pkg-config --short-errors --cflags liblz4' failed:
No package 'liblz4' found
DBG 81695: liblz4: Check for static library (libs -llz4, arfile variable STATIC_LIB_liblz4=, static filenames liblz4.a)
DBG 81695: Compile check liblz4 (WITH_LZ4_EXT) (sub=0): gcc -I/usr/local/Cellar/openssl@1.1/1.1.1k/include -I/usr/local/Cellar/openssl@1.1/1.1.1k/include -gstrict-dwarf -O2 -fPIC -Wall -Wsign-compare -Wfloat-equal -Wpointer-arith -Wcast-align -Wall -Werror _mkltmpHsLDy0.c -o _mkltmpHsLDy0.c.o  -L/Users/feiye/Desktop/GovHack2021/HotspotNearMe/kafka-nodejs-getting-started/node_modules/node-rdkafka/build/deps -llz4
DBG 81695: compile check for liblz4 (WITH_LZ4_EXT) failed: gcc -I/usr/local/Cellar/openssl@1.1/1.1.1k/include -I/usr/local/Cellar/openssl@1.1/1.1.1k/include -gstrict-dwarf -O2 -fPIC -Wall -Wsign-compare -Wfloat-equal -Wpointer-arith -Wcast-align -Wall -Werror _mkltmpHsLDy0.c -o _mkltmpHsLDy0.c.o  -L/Users/feiye/Desktop/GovHack2021/HotspotNearMe/kafka-nodejs-getting-started/node_modules/node-rdkafka/build/deps -llz4: _mkltmpHsLDy0.c:1:10: fatal error: 'lz4frame.h' file not found
#include <lz4frame.h>
         ^~~~~~~~~~~~
1 error generated.
DBG 81695: Setting liblz4 (liblz4) status to failed (action disable)
DBG 81695: Check liblz4 (WITH_LZ4_EXT, action disable (originally disable)) failed: compile check failed:
CC: CC
flags: -llz4
gcc -I/usr/local/Cellar/openssl@1.1/1.1.1k/include -I/usr/local/Cellar/openssl@1.1/1.1.1k/include -gstrict-dwarf -O2 -fPIC -Wall -Wsign-compare -Wfloat-equal -Wpointer-arith -Wcast-align -Wall -Werror _mkltmpHsLDy0.c -o _mkltmpHsLDy0.c.o  -L/Users/feiye/Desktop/GovHack2021/HotspotNearMe/kafka-nodejs-getting-started/node_modules/node-rdkafka/build/deps -llz4:
_mkltmpHsLDy0.c:1:10: fatal error: 'lz4frame.h' file not found
#include <lz4frame.h>
         ^~~~~~~~~~~~
1 error generated.
source: #include <lz4frame.h>
DBG 81695: Compile check syslog (WITH_SYSLOG) (sub=0): gcc -I/usr/local/Cellar/openssl@1.1/1.1.1k/include -I/usr/local/Cellar/openssl@1.1/1.1.1k/include -gstrict-dwarf -O2 -fPIC -Wall -Wsign-compare -Wfloat-equal -Wpointer-arith -Wcast-align -Wall -Werror _mkltmpTo7WJz.c -o _mkltmpTo7WJz.c.o  -L/Users/feiye/Desktop/GovHack2021/HotspotNearMe/kafka-nodejs-getting-started/node_modules/node-rdkafka/build/deps 
DBG 81695: Setting syslog (syslog) status to ok (action disable)
DBG 81695: Compile check rapidjson (WITH_RAPIDJSON) (sub=0): g++  -gstrict-dwarf -O2 -fPIC -Wall -Wsign-compare -Wfloat-equal -Wpointer-arith -Wcast-align -Wall -Werror _mkltmpBDFsh6.cpp -o _mkltmpBDFsh6.cpp.o  -L/Users/feiye/Desktop/GovHack2021/HotspotNearMe/kafka-nodejs-getting-started/node_modules/node-rdkafka/build/deps 
DBG 81695: compile check for rapidjson (WITH_RAPIDJSON) failed: g++  -gstrict-dwarf -O2 -fPIC -Wall -Wsign-compare -Wfloat-equal -Wpointer-arith -Wcast-align -Wall -Werror _mkltmpBDFsh6.cpp -o _mkltmpBDFsh6.cpp.o  -L/Users/feiye/Desktop/GovHack2021/HotspotNearMe/kafka-nodejs-getting-started/node_modules/node-rdkafka/build/deps : _mkltmpBDFsh6.cpp:1:10: fatal error: 'rapidjson/schema.h' file not found
#include <rapidjson/schema.h>
         ^~~~~~~~~~~~~~~~~~~~
1 error generated.
DBG 81695: Setting rapidjson (rapidjson) status to failed (action disable)
DBG 81695: Check rapidjson (WITH_RAPIDJSON, action disable (originally disable)) failed: compile check failed:
CC: CXX
flags: 
g++  -gstrict-dwarf -O2 -fPIC -Wall -Wsign-compare -Wfloat-equal -Wpointer-arith -Wcast-align -Wall -Werror _mkltmpBDFsh6.cpp -o _mkltmpBDFsh6.cpp.o  -L/Users/feiye/Desktop/GovHack2021/HotspotNearMe/kafka-nodejs-getting-started/node_modules/node-rdkafka/build/deps :
_mkltmpBDFsh6.cpp:1:10: fatal error: 'rapidjson/schema.h' file not found
#include <rapidjson/schema.h>
         ^~~~~~~~~~~~~~~~~~~~
1 error generated.
source: #include <rapidjson/schema.h>
DBG 81695: Compile check crc32chw (WITH_CRC32C_HW) (sub=0): gcc -I/usr/local/Cellar/openssl@1.1/1.1.1k/include -I/usr/local/Cellar/openssl@1.1/1.1.1k/include -gstrict-dwarf -O2 -fPIC -Wall -Wsign-compare -Wfloat-equal -Wpointer-arith -Wcast-align -Wall -Werror _mkltmp2LbsAi.c -o _mkltmp2LbsAi.c.o  -L/Users/feiye/Desktop/GovHack2021/HotspotNearMe/kafka-nodejs-getting-started/node_modules/node-rdkafka/build/deps 
DBG 81695: Setting crc32chw (crc32chw) status to ok (action disable)
DBG 81695: Compile check regex (HAVE_REGEX) (sub=0): gcc -I/usr/local/Cellar/openssl@1.1/1.1.1k/include -I/usr/local/Cellar/openssl@1.1/1.1.1k/include -gstrict-dwarf -O2 -fPIC -Wall -Wsign-compare -Wfloat-equal -Wpointer-arith -Wcast-align -Wall -Werror _mkltmpCxCRDj.c -o _mkltmpCxCRDj.c.o  -L/Users/feiye/Desktop/GovHack2021/HotspotNearMe/kafka-nodejs-getting-started/node_modules/node-rdkafka/build/deps 
DBG 81695: Setting regex (regex) status to ok (action disable)
DBG 81695: Compile check rand_r (HAVE_RAND_R) (sub=0): gcc -I/usr/local/Cellar/openssl@1.1/1.1.1k/include -I/usr/local/Cellar/openssl@1.1/1.1.1k/include -gstrict-dwarf -O2 -fPIC -Wall -Wsign-compare -Wfloat-equal -Wpointer-arith -Wcast-align -Wall -Werror _mkltmpphJEcv.c -o _mkltmpphJEcv.c.o  -L/Users/feiye/Desktop/GovHack2021/HotspotNearMe/kafka-nodejs-getting-started/node_modules/node-rdkafka/build/deps 
DBG 81695: Setting rand_r (rand_r) status to ok (action disable)
DBG 81695: Compile check strndup (HAVE_STRNDUP) (sub=0): gcc -I/usr/local/Cellar/openssl@1.1/1.1.1k/include -I/usr/local/Cellar/openssl@1.1/1.1.1k/include -gstrict-dwarf -O2 -fPIC -Wall -Wsign-compare -Wfloat-equal -Wpointer-arith -Wcast-align -Wall -Werror _mkltmpYDJyGx.c -o _mkltmpYDJyGx.c.o  -L/Users/feiye/Desktop/GovHack2021/HotspotNearMe/kafka-nodejs-getting-started/node_modules/node-rdkafka/build/deps 
DBG 81695: Setting strndup (strndup) status to ok (action disable)
DBG 81695: Compile check strlcpy (HAVE_STRLCPY) (sub=0): gcc -I/usr/local/Cellar/openssl@1.1/1.1.1k/include -I/usr/local/Cellar/openssl@1.1/1.1.1k/include -gstrict-dwarf -O2 -fPIC -Wall -Wsign-compare -Wfloat-equal -Wpointer-arith -Wcast-align -Wall -Werror _mkltmpWPcpzj.c -o _mkltmpWPcpzj.c.o  -L/Users/feiye/Desktop/GovHack2021/HotspotNearMe/kafka-nodejs-getting-started/node_modules/node-rdkafka/build/deps 
DBG 81695: Setting strlcpy (strlcpy) status to ok (action disable)
DBG 81695: Compile check strerror_r (HAVE_STRERROR_R) (sub=0): gcc -I/usr/local/Cellar/openssl@1.1/1.1.1k/include -I/usr/local/Cellar/openssl@1.1/1.1.1k/include -gstrict-dwarf -O2 -fPIC -Wall -Wsign-compare -Wfloat-equal -Wpointer-arith -Wcast-align -Wall -Werror _mkltmpG1wtkt.c -o _mkltmpG1wtkt.c.o  -L/Users/feiye/Desktop/GovHack2021/HotspotNearMe/kafka-nodejs-getting-started/node_modules/node-rdkafka/build/deps 
DBG 81695: Setting strerror_r (strerror_r) status to ok (action disable)
DBG 81695: Compile check pthread_setname_gnu (HAVE_PTHREAD_SETNAME_GNU) (sub=0): gcc -I/usr/local/Cellar/openssl@1.1/1.1.1k/include -I/usr/local/Cellar/openssl@1.1/1.1.1k/include -gstrict-dwarf -O2 -fPIC -Wall -Wsign-compare -Wfloat-equal -Wpointer-arith -Wcast-align -Wall -Werror _mkltmpwyHsyi.c -o _mkltmpwyHsyi.c.o  -L/Users/feiye/Desktop/GovHack2021/HotspotNearMe/kafka-nodejs-getting-started/node_modules/node-rdkafka/build/deps -D_GNU_SOURCE -lpthread
DBG 81695: compile check for pthread_setname_gnu (HAVE_PTHREAD_SETNAME_GNU) failed: gcc -I/usr/local/Cellar/openssl@1.1/1.1.1k/include -I/usr/local/Cellar/openssl@1.1/1.1.1k/include -gstrict-dwarf -O2 -fPIC -Wall -Wsign-compare -Wfloat-equal -Wpointer-arith -Wcast-align -Wall -Werror _mkltmpwyHsyi.c -o _mkltmpwyHsyi.c.o  -L/Users/feiye/Desktop/GovHack2021/HotspotNearMe/kafka-nodejs-getting-started/node_modules/node-rdkafka/build/deps -D_GNU_SOURCE -lpthread: _mkltmpwyHsyi.c:5:38: error: too many arguments to function call, expected 1, have 2
  pthread_setname_np(pthread_self(), "abc");
  ~~~~~~~~~~~~~~~~~~                 ^~~~~
/Library/Developer/CommandLineTools/SDKs/MacOSX.sdk/usr/include/pthread.h:510:5: note: 'pthread_setname_np' declared here
int     pthread_setname_np(const char*);
        ^
1 error generated.
DBG 81695: Setting pthread_setname_gnu (pthread_setname_gnu) status to failed (action disable)
DBG 81695: Check pthread_setname_gnu (HAVE_PTHREAD_SETNAME_GNU, action disable (originally disable)) failed: compile check failed:
CC: CC
flags: -D_GNU_SOURCE -lpthread
gcc -I/usr/local/Cellar/openssl@1.1/1.1.1k/include -I/usr/local/Cellar/openssl@1.1/1.1.1k/include -gstrict-dwarf -O2 -fPIC -Wall -Wsign-compare -Wfloat-equal -Wpointer-arith -Wcast-align -Wall -Werror _mkltmpwyHsyi.c -o _mkltmpwyHsyi.c.o  -L/Users/feiye/Desktop/GovHack2021/HotspotNearMe/kafka-nodejs-getting-started/node_modules/node-rdkafka/build/deps -D_GNU_SOURCE -lpthread:
_mkltmpwyHsyi.c:5:38: error: too many arguments to function call, expected 1, have 2
  pthread_setname_np(pthread_self(), "abc");
  ~~~~~~~~~~~~~~~~~~                 ^~~~~
/Library/Developer/CommandLineTools/SDKs/MacOSX.sdk/usr/include/pthread.h:510:5: note: 'pthread_setname_np' declared here
int     pthread_setname_np(const char*);
        ^
1 error generated.
source: 
#include <pthread.h>

void foo (void) {
  pthread_setname_np(pthread_self(), "abc");
}

DBG 81695: Compile check pthread_setname_darwin (HAVE_PTHREAD_SETNAME_DARWIN) (sub=0): gcc -I/usr/local/Cellar/openssl@1.1/1.1.1k/include -I/usr/local/Cellar/openssl@1.1/1.1.1k/include -gstrict-dwarf -O2 -fPIC -Wall -Wsign-compare -Wfloat-equal -Wpointer-arith -Wcast-align -Wall -Werror _mkltmpsIuGTc.c -o _mkltmpsIuGTc.c.o  -L/Users/feiye/Desktop/GovHack2021/HotspotNearMe/kafka-nodejs-getting-started/node_modules/node-rdkafka/build/deps -D_DARWIN_C_SOURCE -lpthread
DBG 81695: Setting pthread_setname_darwin (pthread_setname_darwin) status to ok (action disable)
DBG 81695: Setting nm (nm) status to ok (action cont)
DBG 81695: Compile check getrusage (HAVE_GETRUSAGE) (sub=0): gcc -I/usr/local/Cellar/openssl@1.1/1.1.1k/include -I/usr/local/Cellar/openssl@1.1/1.1.1k/include -gstrict-dwarf -O2 -fPIC -Wall -Wsign-compare -Wfloat-equal -Wpointer-arith -Wcast-align -Wall -Werror _mkltmpnfvWG2.c -o _mkltmpnfvWG2.c.o  -L/Users/feiye/Desktop/GovHack2021/HotspotNearMe/kafka-nodejs-getting-started/node_modules/node-rdkafka/build/deps 
DBG 81695: Setting getrusage (getrusage) status to ok (action disable)
DBG 81695: Ignoring arg -L/usr/local/Cellar/openssl@1.1/1.1.1k/lib from LIBS while building STATIC and DYNAMIC lists
DBG 81695: Ignoring arg -L/usr/local/Cellar/openssl@1.1/1.1.1k/lib from LIBS while building STATIC and DYNAMIC lists
